{"level":"ERROR","time":"2023-09-30T20:41:46.561+0800","caller":"mysql/mysql.go:24","msg":"connect DB failed, err","error":"dial tcp: address 113306: invalid port"}
{"level":"INFO","time":"2023-09-30T20:43:37.135+0800","caller":"logger/logger.go:64","msg":"/","status":200,"method":"GET","path":"/","query":"","ip":"::1","user-agent":"PostmanRuntime/7.33.0","errors":"","cost":0}
{"level":"INFO","time":"2023-10-05T16:09:41.370+0800","caller":"logger/logger.go:45","msg":"init logger success"}
{"level":"INFO","time":"2023-10-05T16:10:19.805+0800","caller":"logger/logger.go:45","msg":"init logger success"}
{"level":"ERROR","time":"2023-10-06T17:47:11.978+0800","caller":"mysql/mysql.go:24","msg":"connect DB failed, err","error":"dial tcp 0.0.0.0:3306: connectex: No connection could be made because the target machine actively refused it."}
{"level":"INFO","time":"2023-10-06T20:04:49.998+0800","caller":"logger/logger.go:45","msg":"init logger success"}
{"level":"INFO","time":"2023-10-06T20:26:53.780+0800","caller":"logger/logger.go:64","msg":"/signup","status":200,"method":"POST","path":"/signup","query":"","ip":"::1","user-agent":"PostmanRuntime/7.33.0","errors":"","cost":0.0003151}
{"level":"INFO","time":"2023-10-06T20:28:47.811+0800","caller":"logger/logger.go:64","msg":"/","status":200,"method":"GET","path":"/","query":"","ip":"::1","user-agent":"PostmanRuntime/7.33.0","errors":"","cost":0.0009972}
{"level":"ERROR","time":"2023-10-06T20:29:57.765+0800","caller":"controller/user.go:18","msg":"signup with invalid param","error":"json: cannot unmarshal number into Go struct field ParamSignup.password of type string"}
{"level":"INFO","time":"2023-10-06T20:29:57.766+0800","caller":"logger/logger.go:64","msg":"/signup","status":200,"method":"POST","path":"/signup","query":"","ip":"::1","user-agent":"PostmanRuntime/7.33.0","errors":"","cost":0.000567}
{"level":"ERROR","time":"2023-10-06T20:35:41.157+0800","caller":"controller/user.go:27","msg":"signup with invalid param"}
{"level":"INFO","time":"2023-10-06T20:35:41.164+0800","caller":"logger/logger.go:64","msg":"/signup","status":200,"method":"POST","path":"/signup","query":"","ip":"::1","user-agent":"PostmanRuntime/7.33.0","errors":"","cost":0.0073978}
{"level":"ERROR","time":"2023-10-06T20:36:01.241+0800","caller":"controller/user.go:18","msg":"signup with invalid param","error":"invalid character '}' looking for beginning of object key string"}
{"level":"INFO","time":"2023-10-06T20:36:01.242+0800","caller":"logger/logger.go:64","msg":"/signup","status":200,"method":"POST","path":"/signup","query":"","ip":"::1","user-agent":"PostmanRuntime/7.33.0","errors":"","cost":0.0008127}
{"level":"ERROR","time":"2023-10-06T21:31:33.125+0800","caller":"controller/user.go:18","msg":"signup with invalid param","error":"Key: 'ParamSignup.RePassword' Error:Field validation for 'RePassword' failed on the 'required' tag"}
{"level":"INFO","time":"2023-10-06T21:31:33.133+0800","caller":"logger/logger.go:64","msg":"/signup","status":200,"method":"POST","path":"/signup","query":"","ip":"::1","user-agent":"PostmanRuntime/7.33.0","errors":"","cost":0.0078909}
{"level":"ERROR","time":"2023-10-06T21:33:54.004+0800","caller":"controller/user.go:18","msg":"signup with invalid param","error":"Key: 'ParamSignup.RePassword' Error:Field validation for 'RePassword' failed on the 'required' tag"}
{"level":"INFO","time":"2023-10-06T21:33:54.004+0800","caller":"logger/logger.go:64","msg":"/signup","status":200,"method":"POST","path":"/signup","query":"","ip":"::1","user-agent":"PostmanRuntime/7.33.0","errors":"","cost":0.0004601}
{"level":"ERROR","time":"2023-10-06T21:33:54.845+0800","caller":"controller/user.go:18","msg":"signup with invalid param","error":"Key: 'ParamSignup.RePassword' Error:Field validation for 'RePassword' failed on the 'required' tag"}
{"level":"INFO","time":"2023-10-06T21:33:54.845+0800","caller":"logger/logger.go:64","msg":"/signup","status":200,"method":"POST","path":"/signup","query":"","ip":"::1","user-agent":"PostmanRuntime/7.33.0","errors":"","cost":0.0002049}
{"level":"ERROR","time":"2023-10-06T21:33:55.470+0800","caller":"controller/user.go:18","msg":"signup with invalid param","error":"Key: 'ParamSignup.RePassword' Error:Field validation for 'RePassword' failed on the 'required' tag"}
{"level":"INFO","time":"2023-10-06T21:33:55.470+0800","caller":"logger/logger.go:64","msg":"/signup","status":200,"method":"POST","path":"/signup","query":"","ip":"::1","user-agent":"PostmanRuntime/7.33.0","errors":"","cost":0.000365}
{"level":"ERROR","time":"2023-10-06T21:33:59.440+0800","caller":"controller/user.go:18","msg":"signup with invalid param","error":"Key: 'ParamSignup.RePassword' Error:Field validation for 'RePassword' failed on the 'required' tag"}
{"level":"INFO","time":"2023-10-06T21:33:59.440+0800","caller":"logger/logger.go:64","msg":"/signup","status":200,"method":"POST","path":"/signup","query":"","ip":"::1","user-agent":"PostmanRuntime/7.33.0","errors":"","cost":0.0004487}
{"level":"ERROR","time":"2023-10-06T21:34:00.616+0800","caller":"controller/user.go:18","msg":"signup with invalid param","error":"Key: 'ParamSignup.RePassword' Error:Field validation for 'RePassword' failed on the 'required' tag"}
{"level":"INFO","time":"2023-10-06T21:34:00.616+0800","caller":"logger/logger.go:64","msg":"/signup","status":200,"method":"POST","path":"/signup","query":"","ip":"::1","user-agent":"PostmanRuntime/7.33.0","errors":"","cost":0.0006004}
{"level":"ERROR","time":"2023-10-06T21:34:07.748+0800","caller":"controller/user.go:18","msg":"signup with invalid param","error":"Key: 'ParamSignup.RePassword' Error:Field validation for 'RePassword' failed on the 'required' tag"}
{"level":"INFO","time":"2023-10-06T21:34:07.749+0800","caller":"logger/logger.go:64","msg":"/signup","status":200,"method":"POST","path":"/signup","query":"","ip":"::1","user-agent":"PostmanRuntime/7.33.0","errors":"","cost":0.0006989}
{"level":"ERROR","time":"2023-10-06T21:34:08.221+0800","caller":"controller/user.go:18","msg":"signup with invalid param","error":"Key: 'ParamSignup.RePassword' Error:Field validation for 'RePassword' failed on the 'required' tag"}
{"level":"INFO","time":"2023-10-06T21:34:08.222+0800","caller":"logger/logger.go:64","msg":"/signup","status":200,"method":"POST","path":"/signup","query":"","ip":"::1","user-agent":"PostmanRuntime/7.33.0","errors":"","cost":0.0009804}
{"level":"ERROR","time":"2023-10-06T21:34:23.705+0800","caller":"controller/user.go:18","msg":"signup with invalid param","error":"Key: 'ParamSignup.RePassword' Error:Field validation for 'RePassword' failed on the 'required' tag"}
{"level":"INFO","time":"2023-10-06T21:34:23.706+0800","caller":"logger/logger.go:64","msg":"/signup","status":200,"method":"POST","path":"/signup","query":"","ip":"::1","user-agent":"PostmanRuntime/7.33.0","errors":"","cost":0.0005468}
{"level":"ERROR","time":"2023-10-06T21:34:24.475+0800","caller":"controller/user.go:18","msg":"signup with invalid param","error":"Key: 'ParamSignup.RePassword' Error:Field validation for 'RePassword' failed on the 'required' tag"}
{"level":"INFO","time":"2023-10-06T21:34:24.476+0800","caller":"logger/logger.go:64","msg":"/signup","status":200,"method":"POST","path":"/signup","query":"","ip":"::1","user-agent":"PostmanRuntime/7.33.0","errors":"","cost":0.0006014}
{"level":"ERROR","time":"2023-10-06T21:34:25.513+0800","caller":"controller/user.go:18","msg":"signup with invalid param","error":"Key: 'ParamSignup.RePassword' Error:Field validation for 'RePassword' failed on the 'required' tag"}
{"level":"INFO","time":"2023-10-06T21:34:25.514+0800","caller":"logger/logger.go:64","msg":"/signup","status":200,"method":"POST","path":"/signup","query":"","ip":"::1","user-agent":"PostmanRuntime/7.33.0","errors":"","cost":0.0009594}
{"level":"INFO","time":"2023-10-06T21:34:57.454+0800","caller":"logger/logger.go:64","msg":"/signup","status":200,"method":"POST","path":"/signup","query":"","ip":"::1","user-agent":"PostmanRuntime/7.33.0","errors":"","cost":0.0001353}
{"level":"ERROR","time":"2023-10-06T21:36:12.334+0800","caller":"controller/user.go:18","msg":"signup with invalid param","error":"json: cannot unmarshal number into Go struct field ParamSignup.re_password of type string"}
{"level":"INFO","time":"2023-10-06T21:36:12.335+0800","caller":"logger/logger.go:64","msg":"/signup","status":200,"method":"POST","path":"/signup","query":"","ip":"::1","user-agent":"PostmanRuntime/7.33.0","errors":"","cost":0.0000979}
{"level":"ERROR","time":"2023-10-06T21:41:25.635+0800","caller":"controller/user.go:18","msg":"signup with invalid param","error":"json: cannot unmarshal number into Go struct field ParamSignup.re_password of type string"}
{"level":"INFO","time":"2023-10-06T21:41:25.642+0800","caller":"logger/logger.go:64","msg":"/signup","status":200,"method":"POST","path":"/signup","query":"","ip":"::1","user-agent":"PostmanRuntime/7.33.0","errors":"","cost":0.0077156}
{"level":"ERROR","time":"2023-10-06T21:41:27.256+0800","caller":"controller/user.go:18","msg":"signup with invalid param","error":"json: cannot unmarshal number into Go struct field ParamSignup.re_password of type string"}
{"level":"INFO","time":"2023-10-06T21:41:27.256+0800","caller":"logger/logger.go:64","msg":"/signup","status":200,"method":"POST","path":"/signup","query":"","ip":"::1","user-agent":"PostmanRuntime/7.33.0","errors":"","cost":0.0000617}
{"level":"ERROR","time":"2023-10-06T21:41:27.725+0800","caller":"controller/user.go:18","msg":"signup with invalid param","error":"json: cannot unmarshal number into Go struct field ParamSignup.re_password of type string"}
{"level":"INFO","time":"2023-10-06T21:41:27.725+0800","caller":"logger/logger.go:64","msg":"/signup","status":200,"method":"POST","path":"/signup","query":"","ip":"::1","user-agent":"PostmanRuntime/7.33.0","errors":"","cost":0.0003764}
{"level":"ERROR","time":"2023-10-06T21:43:37.918+0800","caller":"controller/user.go:18","msg":"signup with invalid param","error":"json: cannot unmarshal number into Go struct field ParamSignup.re_password of type string"}
{"level":"INFO","time":"2023-10-06T21:43:37.918+0800","caller":"logger/logger.go:64","msg":"/signup","status":200,"method":"POST","path":"/signup","query":"","ip":"::1","user-agent":"PostmanRuntime/7.33.0","errors":"","cost":0.0000826}
{"level":"ERROR","time":"2023-10-06T21:43:38.585+0800","caller":"controller/user.go:18","msg":"signup with invalid param","error":"json: cannot unmarshal number into Go struct field ParamSignup.re_password of type string"}
{"level":"INFO","time":"2023-10-06T21:43:38.586+0800","caller":"logger/logger.go:64","msg":"/signup","status":200,"method":"POST","path":"/signup","query":"","ip":"::1","user-agent":"PostmanRuntime/7.33.0","errors":"","cost":0.0000626}
{"level":"ERROR","time":"2023-10-06T21:44:55.654+0800","caller":"controller/user.go:18","msg":"signup with invalid param","error":"json: cannot unmarshal number into Go struct field ParamSignup.re_password of type string"}
{"level":"INFO","time":"2023-10-06T21:44:55.654+0800","caller":"logger/logger.go:64","msg":"/signup","status":200,"method":"POST","path":"/signup","query":"","ip":"::1","user-agent":"PostmanRuntime/7.33.0","errors":"","cost":0.000073}
{"level":"ERROR","time":"2023-10-06T21:44:56.575+0800","caller":"controller/user.go:18","msg":"signup with invalid param","error":"json: cannot unmarshal number into Go struct field ParamSignup.re_password of type string"}
{"level":"INFO","time":"2023-10-06T21:44:56.575+0800","caller":"logger/logger.go:64","msg":"/signup","status":200,"method":"POST","path":"/signup","query":"","ip":"::1","user-agent":"PostmanRuntime/7.33.0","errors":"","cost":0}
{"level":"ERROR","time":"2023-10-06T21:44:57.037+0800","caller":"controller/user.go:18","msg":"signup with invalid param","error":"json: cannot unmarshal number into Go struct field ParamSignup.re_password of type string"}
{"level":"INFO","time":"2023-10-06T21:44:57.038+0800","caller":"logger/logger.go:64","msg":"/signup","status":200,"method":"POST","path":"/signup","query":"","ip":"::1","user-agent":"PostmanRuntime/7.33.0","errors":"","cost":0.0006148}
{"level":"ERROR","time":"2023-10-06T21:45:51.324+0800","caller":"controller/user.go:18","msg":"signup with invalid param","error":"json: cannot unmarshal number into Go struct field ParamSignup.re_password of type string"}
{"level":"INFO","time":"2023-10-06T21:45:51.325+0800","caller":"logger/logger.go:64","msg":"/signup","status":200,"method":"POST","path":"/signup","query":"","ip":"::1","user-agent":"PostmanRuntime/7.33.0","errors":"","cost":0.0007391}
{"level":"ERROR","time":"2023-10-06T21:45:52.109+0800","caller":"controller/user.go:18","msg":"signup with invalid param","error":"json: cannot unmarshal number into Go struct field ParamSignup.re_password of type string"}
{"level":"INFO","time":"2023-10-06T21:45:52.109+0800","caller":"logger/logger.go:64","msg":"/signup","status":200,"method":"POST","path":"/signup","query":"","ip":"::1","user-agent":"PostmanRuntime/7.33.0","errors":"","cost":0.0000564}
{"level":"ERROR","time":"2023-10-06T21:45:52.594+0800","caller":"controller/user.go:18","msg":"signup with invalid param","error":"json: cannot unmarshal number into Go struct field ParamSignup.re_password of type string"}
{"level":"INFO","time":"2023-10-06T21:45:52.594+0800","caller":"logger/logger.go:64","msg":"/signup","status":200,"method":"POST","path":"/signup","query":"","ip":"::1","user-agent":"PostmanRuntime/7.33.0","errors":"","cost":0}
{"level":"ERROR","time":"2023-10-06T21:45:53.155+0800","caller":"controller/user.go:18","msg":"signup with invalid param","error":"json: cannot unmarshal number into Go struct field ParamSignup.re_password of type string"}
{"level":"INFO","time":"2023-10-06T21:45:53.156+0800","caller":"logger/logger.go:64","msg":"/signup","status":200,"method":"POST","path":"/signup","query":"","ip":"::1","user-agent":"PostmanRuntime/7.33.0","errors":"","cost":0.0003737}
